01-Aug-2022 (14:07) 
The profiles found a better optimum: -21.2754 (best was -14.4959). 
Parameter values for new optimum 
=================================================================================
par.ke     = [    2.2051  1       0.01        100 1]; 
par.ku     = [     4.592  1       0.01      1e+06 1]; 
par.kon    = [    11.977  1       0.01        100 1]; 
par.B_MAX  = [   0.28203  1          0        100 1]; 
par.Kd     = [   0.34212  1          0        100 1]; 
=================================================================================
  
01-Aug-2022 (14:07) 
The profiles found a better optimum: -24.8803 (best was -14.4959). 
Parameter values for new optimum 
=================================================================================
par.ke     = [    2.1828  1       0.01        100 1]; 
par.ku     = [    5.1057  1       0.01      1e+06 1]; 
par.kon    = [    14.861  1       0.01        100 1]; 
par.B_MAX  = [   0.24315  1          0        100 1]; 
par.Kd     = [   0.33398  1          0        100 1]; 
=================================================================================
  
01-Aug-2022 (14:07) 
The profiles found a better optimum: -15.3208 (best was -14.4959). 
Parameter values for new optimum 
=================================================================================
par.ke     = [    2.2496  1       0.01        100 1]; 
par.ku     = [    5.7405  1       0.01      1e+06 1]; 
par.kon    = [    2.5938  1       0.01        100 1]; 
par.B_MAX  = [   0.33774  1          0        100 1]; 
par.Kd     = [   0.36057  1          0        100 1]; 
=================================================================================
  
